[debug] [2022-05-04T23:22:59.906Z] ----------------------------------------------------------------------
[debug] [2022-05-04T23:22:59.908Z] Command:       /usr/local/bin/node /usr/local/bin/firebase deploy
[debug] [2022-05-04T23:22:59.908Z] CLI Version:   10.7.1
[debug] [2022-05-04T23:22:59.908Z] Platform:      darwin
[debug] [2022-05-04T23:22:59.909Z] Node Version:  v16.14.0
[debug] [2022-05-04T23:22:59.910Z] Time:          Wed May 04 2022 19:22:59 GMT-0400 (Eastern Daylight Time)
[debug] [2022-05-04T23:22:59.910Z] ----------------------------------------------------------------------
[debug] 
[debug] [2022-05-04T23:22:59.965Z] > command requires scopes: ["email","openid","https://www.googleapis.com/auth/cloudplatformprojects.readonly","https://www.googleapis.com/auth/firebase","https://www.googleapis.com/auth/cloud-platform"]
[debug] [2022-05-04T23:22:59.966Z] > authorizing via signed-in user (bellabaidak@gmail.com)
[debug] [2022-05-04T23:22:59.966Z] [iam] checking project ourworld-7d07d for permissions ["cloudfunctions.functions.create","cloudfunctions.functions.delete","cloudfunctions.functions.get","cloudfunctions.functions.list","cloudfunctions.functions.update","cloudfunctions.operations.get","firebase.projects.get","firebasehosting.sites.update"]
[debug] [2022-05-04T23:22:59.967Z] > refreshing access token with scopes: []
[debug] [2022-05-04T23:22:59.968Z] >>> HTTP REQUEST POST https://www.googleapis.com/oauth2/v3/token  
 <request body omitted>
[debug] [2022-05-04T23:23:00.060Z] <<< HTTP RESPONSE 200 {"pragma":"no-cache","date":"Wed, 04 May 2022 23:23:00 GMT","cache-control":"no-cache, no-store, max-age=0, must-revalidate","expires":"Mon, 01 Jan 1990 00:00:00 GMT","content-type":"application/json; charset=utf-8","vary":"X-Origin, Referer, Origin,Accept-Encoding","server":"scaffolding on HTTPServer2","x-xss-protection":"0","x-frame-options":"SAMEORIGIN","x-content-type-options":"nosniff","alt-svc":"h3=\":443\"; ma=2592000,h3-29=\":443\"; ma=2592000,h3-Q050=\":443\"; ma=2592000,h3-Q046=\":443\"; ma=2592000,h3-Q043=\":443\"; ma=2592000,quic=\":443\"; ma=2592000; v=\"46,43\"","accept-ranges":"none","transfer-encoding":"chunked"}
[debug] [2022-05-04T23:23:00.103Z] >>> [apiv2][query] POST https://cloudresourcemanager.googleapis.com/v1/projects/ourworld-7d07d:testIamPermissions [none]
[debug] [2022-05-04T23:23:00.103Z] >>> [apiv2][body] POST https://cloudresourcemanager.googleapis.com/v1/projects/ourworld-7d07d:testIamPermissions {"permissions":["cloudfunctions.functions.create","cloudfunctions.functions.delete","cloudfunctions.functions.get","cloudfunctions.functions.list","cloudfunctions.functions.update","cloudfunctions.operations.get","firebase.projects.get","firebasehosting.sites.update"]}
[debug] [2022-05-04T23:23:00.344Z] <<< [apiv2][status] POST https://cloudresourcemanager.googleapis.com/v1/projects/ourworld-7d07d:testIamPermissions 200
[debug] [2022-05-04T23:23:00.345Z] <<< [apiv2][body] POST https://cloudresourcemanager.googleapis.com/v1/projects/ourworld-7d07d:testIamPermissions {"permissions":["cloudfunctions.functions.create","cloudfunctions.functions.delete","cloudfunctions.functions.get","cloudfunctions.functions.list","cloudfunctions.functions.update","cloudfunctions.operations.get","firebase.projects.get","firebasehosting.sites.update"]}
[debug] [2022-05-04T23:23:00.345Z] >>> [apiv2][query] POST https://iam.googleapis.com/v1/projects/ourworld-7d07d/serviceAccounts/ourworld-7d07d@appspot.gserviceaccount.com:testIamPermissions [none]
[debug] [2022-05-04T23:23:00.345Z] >>> [apiv2][body] POST https://iam.googleapis.com/v1/projects/ourworld-7d07d/serviceAccounts/ourworld-7d07d@appspot.gserviceaccount.com:testIamPermissions {"permissions":["iam.serviceAccounts.actAs"]}
[debug] [2022-05-04T23:23:00.498Z] <<< [apiv2][status] POST https://iam.googleapis.com/v1/projects/ourworld-7d07d/serviceAccounts/ourworld-7d07d@appspot.gserviceaccount.com:testIamPermissions 200
[debug] [2022-05-04T23:23:00.499Z] <<< [apiv2][body] POST https://iam.googleapis.com/v1/projects/ourworld-7d07d/serviceAccounts/ourworld-7d07d@appspot.gserviceaccount.com:testIamPermissions {"permissions":["iam.serviceAccounts.actAs"]}
[debug] [2022-05-04T23:23:00.501Z] >>> [apiv2][query] GET https://firebase.googleapis.com/v1beta1/projects/ourworld-7d07d [none]
[debug] [2022-05-04T23:23:00.690Z] <<< [apiv2][status] GET https://firebase.googleapis.com/v1beta1/projects/ourworld-7d07d 200
[debug] [2022-05-04T23:23:00.690Z] <<< [apiv2][body] GET https://firebase.googleapis.com/v1beta1/projects/ourworld-7d07d {"projectId":"ourworld-7d07d","projectNumber":"964947280134","displayName":"OurWorld","name":"projects/ourworld-7d07d","resources":{"hostingSite":"ourworld-7d07d","storageBucket":"ourworld-7d07d.appspot.com","locationId":"us-east1"},"state":"ACTIVE"}
[info] 
[info] === Deploying to 'ourworld-7d07d'...
[info] 
[info] i  deploying functions, hosting 
[debug] [2022-05-04T23:23:00.694Z] >>> [apiv2][query] GET https://firebase.googleapis.com/v1beta1/projects/ourworld-7d07d [none]
[debug] [2022-05-04T23:23:00.867Z] <<< [apiv2][status] GET https://firebase.googleapis.com/v1beta1/projects/ourworld-7d07d 200
[debug] [2022-05-04T23:23:00.867Z] <<< [apiv2][body] GET https://firebase.googleapis.com/v1beta1/projects/ourworld-7d07d {"projectId":"ourworld-7d07d","projectNumber":"964947280134","displayName":"OurWorld","name":"projects/ourworld-7d07d","resources":{"hostingSite":"ourworld-7d07d","storageBucket":"ourworld-7d07d.appspot.com","locationId":"us-east1"},"state":"ACTIVE"}
[info] i  functions: ensuring required API cloudfunctions.googleapis.com is enabled... 
[info] i  functions: ensuring required API cloudbuild.googleapis.com is enabled... 
[debug] [2022-05-04T23:23:00.868Z] >>> [apiv2][query] GET https://serviceusage.googleapis.com/v1/projects/ourworld-7d07d/services/cloudfunctions.googleapis.com [none]
[debug] [2022-05-04T23:23:00.869Z] >>> [apiv2][query] GET https://serviceusage.googleapis.com/v1/projects/ourworld-7d07d/services/runtimeconfig.googleapis.com [none]
[debug] [2022-05-04T23:23:00.870Z] >>> [apiv2][query] GET https://serviceusage.googleapis.com/v1/projects/ourworld-7d07d/services/cloudbuild.googleapis.com [none]
[debug] [2022-05-04T23:23:00.871Z] >>> [apiv2][query] GET https://serviceusage.googleapis.com/v1/projects/ourworld-7d07d/services/artifactregistry.googleapis.com [none]
[debug] [2022-05-04T23:23:01.210Z] <<< [apiv2][status] GET https://serviceusage.googleapis.com/v1/projects/ourworld-7d07d/services/runtimeconfig.googleapis.com 200
[debug] [2022-05-04T23:23:01.210Z] <<< [apiv2][body] GET https://serviceusage.googleapis.com/v1/projects/ourworld-7d07d/services/runtimeconfig.googleapis.com [omitted]
[debug] [2022-05-04T23:23:01.214Z] <<< [apiv2][status] GET https://serviceusage.googleapis.com/v1/projects/ourworld-7d07d/services/cloudfunctions.googleapis.com 200
[debug] [2022-05-04T23:23:01.214Z] <<< [apiv2][body] GET https://serviceusage.googleapis.com/v1/projects/ourworld-7d07d/services/cloudfunctions.googleapis.com [omitted]
[info] ✔  functions: required API cloudfunctions.googleapis.com is enabled 
[debug] [2022-05-04T23:23:01.241Z] <<< [apiv2][status] GET https://serviceusage.googleapis.com/v1/projects/ourworld-7d07d/services/cloudbuild.googleapis.com 200
[debug] [2022-05-04T23:23:01.241Z] <<< [apiv2][body] GET https://serviceusage.googleapis.com/v1/projects/ourworld-7d07d/services/cloudbuild.googleapis.com [omitted]
[info] ✔  functions: required API cloudbuild.googleapis.com is enabled 
[debug] [2022-05-04T23:23:01.243Z] <<< [apiv2][status] GET https://serviceusage.googleapis.com/v1/projects/ourworld-7d07d/services/artifactregistry.googleapis.com 200
[debug] [2022-05-04T23:23:01.243Z] <<< [apiv2][body] GET https://serviceusage.googleapis.com/v1/projects/ourworld-7d07d/services/artifactregistry.googleapis.com [omitted]
[debug] [2022-05-04T23:23:01.243Z] >>> [apiv2][query] GET https://firebase.googleapis.com/v1beta1/projects/ourworld-7d07d/adminSdkConfig [none]
[debug] [2022-05-04T23:23:01.510Z] <<< [apiv2][status] GET https://firebase.googleapis.com/v1beta1/projects/ourworld-7d07d/adminSdkConfig 200
[debug] [2022-05-04T23:23:01.510Z] <<< [apiv2][body] GET https://firebase.googleapis.com/v1beta1/projects/ourworld-7d07d/adminSdkConfig {"projectId":"ourworld-7d07d","storageBucket":"ourworld-7d07d.appspot.com","locationId":"us-east1"}
[debug] [2022-05-04T23:23:01.511Z] >>> [apiv2][query] GET https://runtimeconfig.googleapis.com/v1beta1/projects/ourworld-7d07d/configs [none]
[debug] [2022-05-04T23:23:01.730Z] <<< [apiv2][status] GET https://runtimeconfig.googleapis.com/v1beta1/projects/ourworld-7d07d/configs 200
[debug] [2022-05-04T23:23:01.730Z] <<< [apiv2][body] GET https://runtimeconfig.googleapis.com/v1beta1/projects/ourworld-7d07d/configs {}
[info] i  functions: preparing codebase default for deployment 
[debug] [2022-05-04T23:23:01.731Z] Validating nodejs source
[warn] ⚠  functions: package.json indicates an outdated version of firebase-functions. Please upgrade using npm install --save firebase-functions@latest in your functions directory. 
[debug] [2022-05-04T23:23:03.426Z] > [functions] package.json contents: {
  "name": "2022-cs-5356-milestone-1",
  "version": "1.0.0",
  "description": "",
  "main": "src/index.js",
  "scripts": {
    "start": "nodemon src/index.js"
  },
  "author": "",
  "license": "ISC",
  "dependencies": {
    "body-parser": "^1.19.1",
    "browserify": "^17.0.0",
    "bulma": "^0.9.3",
    "casual": "^1.6.2",
    "cookie-parser": "^1.4.6",
    "d3": "^7.4.4",
    "ejs": "^3.1.6",
    "express": "^4.17.2",
    "firebase": "^9.6.6",
    "firebase-admin": "^10.0.2",
    "firebase-functions": "^3.20.0",
    "nodemon": "^2.0.15",
    "requirejs": "^2.3.6"
  },
  "devDependencies": {
    "cypress": "^9.3.1"
  }
}
[debug] [2022-05-04T23:23:03.427Z] Building nodejs source
[debug] [2022-05-04T23:23:03.427Z] Analyzing nodejs backend spec
[info] i  functions: preparing ./ directory for uploading... 
[info] i  functions: packaged /Users/bellabaidak/OurWorld_App copy 3/ (2.87 MB) for uploading 
[debug] [2022-05-04T23:23:03.944Z] >>> [apiv2][query] GET https://cloudfunctions.googleapis.com/v1/projects/ourworld-7d07d/locations/-/functions [none]
[debug] [2022-05-04T23:23:04.409Z] <<< [apiv2][status] GET https://cloudfunctions.googleapis.com/v1/projects/ourworld-7d07d/locations/-/functions 200
[debug] [2022-05-04T23:23:04.409Z] <<< [apiv2][body] GET https://cloudfunctions.googleapis.com/v1/projects/ourworld-7d07d/locations/-/functions {"functions":[{"name":"projects/ourworld-7d07d/locations/us-central1/functions/app","httpsTrigger":{"url":"https://us-central1-ourworld-7d07d.cloudfunctions.net/app","securityLevel":"SECURE_ALWAYS"},"status":"ACTIVE","entryPoint":"app","timeout":"60s","availableMemoryMb":256,"serviceAccountEmail":"ourworld-7d07d@appspot.gserviceaccount.com","updateTime":"2022-05-04T00:55:34.652Z","versionId":"3","labels":{"deployment-tool":"cli-firebase"},"sourceUploadUrl":"https://storage.googleapis.com/uploads-803226053932.us-central1.cloudfunctions.appspot.com/30f7e12d-62e3-4aa2-80e4-af602c2c147f.zip","environmentVariables":{"FIREBASE_CONFIG":"{\"projectId\":\"ourworld-7d07d\",\"storageBucket\":\"ourworld-7d07d.appspot.com\",\"locationId\":\"us-east1\"}","GCLOUD_PROJECT":"ourworld-7d07d"},"runtime":"nodejs16","ingressSettings":"ALLOW_ALL","buildId":"e6f83e28-1dab-477a-9a2f-3b0cc17f93ce","buildName":"projects/964947280134/locations/us-central1/builds/e6f83e28-1dab-477a-9a2f-3b0cc17f93ce","dockerRegistry":"CONTAINER_REGISTRY"}]}
[debug] [2022-05-04T23:23:04.419Z] >>> [apiv2][query] GET https://firebase.googleapis.com/v1beta1/projects/ourworld-7d07d [none]
[debug] [2022-05-04T23:23:04.631Z] <<< [apiv2][status] GET https://firebase.googleapis.com/v1beta1/projects/ourworld-7d07d 200
[debug] [2022-05-04T23:23:04.632Z] <<< [apiv2][body] GET https://firebase.googleapis.com/v1beta1/projects/ourworld-7d07d {"projectId":"ourworld-7d07d","projectNumber":"964947280134","displayName":"OurWorld","name":"projects/ourworld-7d07d","resources":{"hostingSite":"ourworld-7d07d","storageBucket":"ourworld-7d07d.appspot.com","locationId":"us-east1"},"state":"ACTIVE"}
[debug] [2022-05-04T23:23:04.635Z] >>> [apiv2][query] POST https://firebasehosting.googleapis.com/v1beta1/projects/964947280134/sites/ourworld-7d07d/versions [none]
[debug] [2022-05-04T23:23:04.635Z] >>> [apiv2][body] POST https://firebasehosting.googleapis.com/v1beta1/projects/964947280134/sites/ourworld-7d07d/versions {"config":{"rewrites":[{"glob":"**","function":"app","functionRegion":"us-central1"}]},"labels":{"deployment-tool":"cli-firebase"}}
[debug] [2022-05-04T23:23:05.516Z] <<< [apiv2][status] POST https://firebasehosting.googleapis.com/v1beta1/projects/964947280134/sites/ourworld-7d07d/versions 200
[debug] [2022-05-04T23:23:05.516Z] <<< [apiv2][body] POST https://firebasehosting.googleapis.com/v1beta1/projects/964947280134/sites/ourworld-7d07d/versions {"name":"projects/964947280134/sites/ourworld-7d07d/versions/73ba4f2228ed071c","status":"CREATED","config":{"rewrites":[{"glob":"**","function":"app"}]},"labels":{"deployment-tool":"cli-firebase"}}
[debug] [2022-05-04T23:23:05.517Z] >>> [apiv2][query] POST https://cloudfunctions.googleapis.com/v1/projects/ourworld-7d07d/locations/us-central1/functions:generateUploadUrl [none]
[debug] [2022-05-04T23:23:05.517Z] >>> [apiv2][body] POST https://cloudfunctions.googleapis.com/v1/projects/ourworld-7d07d/locations/us-central1/functions:generateUploadUrl {}
[debug] [2022-05-04T23:23:06.172Z] <<< [apiv2][status] POST https://cloudfunctions.googleapis.com/v1/projects/ourworld-7d07d/locations/us-central1/functions:generateUploadUrl 200
[debug] [2022-05-04T23:23:06.172Z] <<< [apiv2][body] POST https://cloudfunctions.googleapis.com/v1/projects/ourworld-7d07d/locations/us-central1/functions:generateUploadUrl {"uploadUrl":"https://storage.googleapis.com/uploads-803226053932.us-central1.cloudfunctions.appspot.com/01c73426-7e0d-4895-85a3-ed14ec763cf8.zip?GoogleAccessId=service-964947280134@gcf-admin-robot.iam.gserviceaccount.com&Expires=1651708386&Signature=fgqVpnO0JqJk6bNh%2FzvGaO%2F6NTXw10lE5I8z1DXx1I82YV%2BwZO%2B2Xu2QEu7RWGh9Oay9JdbVnCZmHRUScYZ2s1%2Ba6bW5PZVnwoCoShme4o%2Fw6f17uf3Xb71MRbdMi5NYbXaUGNGnGah%2Bw4kukcx%2FhOB26QmDlAe8lQMJTWEYcXrIYSzkAROcQ0r7Xed8zUZmn%2B7Hl5JYDwqI2P%2FYgXFgKaUC1PX58z%2By8w9BovfD8eG%2FhHLr6O7WY%2BXvm6r6ynht35674aeonAHRWjcgedAgK0YS0%2B68upYBpYT9UKf%2FjOhoYd4k8219r2UYpn7mzN0H69q3vLg2cII9to%2FxHLdRzQ%3D%3D"}
[debug] [2022-05-04T23:23:06.173Z] >>> [apiv2][query] PUT https://storage.googleapis.com/uploads-803226053932.us-central1.cloudfunctions.appspot.com/01c73426-7e0d-4895-85a3-ed14ec763cf8.zip GoogleAccessId=service-964947280134%40gcf-admin-robot.iam.gserviceaccount.com&Expires=1651708386&Signature=fgqVpnO0JqJk6bNh%2FzvGaO%2F6NTXw10lE5I8z1DXx1I82YV%2BwZO%2B2Xu2QEu7RWGh9Oay9JdbVnCZmHRUScYZ2s1%2Ba6bW5PZVnwoCoShme4o%2Fw6f17uf3Xb71MRbdMi5NYbXaUGNGnGah%2Bw4kukcx%2FhOB26QmDlAe8lQMJTWEYcXrIYSzkAROcQ0r7Xed8zUZmn%2B7Hl5JYDwqI2P%2FYgXFgKaUC1PX58z%2By8w9BovfD8eG%2FhHLr6O7WY%2BXvm6r6ynht35674aeonAHRWjcgedAgK0YS0%2B68upYBpYT9UKf%2FjOhoYd4k8219r2UYpn7mzN0H69q3vLg2cII9to%2FxHLdRzQ%3D%3D
[debug] [2022-05-04T23:23:06.173Z] >>> [apiv2][body] PUT https://storage.googleapis.com/uploads-803226053932.us-central1.cloudfunctions.appspot.com/01c73426-7e0d-4895-85a3-ed14ec763cf8.zip [stream]
[debug] [2022-05-04T23:23:06.726Z] <<< [apiv2][status] PUT https://storage.googleapis.com/uploads-803226053932.us-central1.cloudfunctions.appspot.com/01c73426-7e0d-4895-85a3-ed14ec763cf8.zip 200
[debug] [2022-05-04T23:23:06.726Z] <<< [apiv2][body] PUT https://storage.googleapis.com/uploads-803226053932.us-central1.cloudfunctions.appspot.com/01c73426-7e0d-4895-85a3-ed14ec763cf8.zip [omitted]
[info] ✔  functions: ./ folder uploaded successfully 
[info] i  hosting[ourworld-7d07d]: beginning deploy... 
[info] i  hosting[ourworld-7d07d]: found 1 files in public 
[debug] [2022-05-04T23:23:06.732Z] [hosting] uploading with 200 concurrency
[debug] [2022-05-04T23:23:06.737Z] [hosting] hash cache [cHVibGlj] stored for 1 files
[debug] [2022-05-04T23:23:06.738Z] [hosting][hash queue][FINAL] {"max":0,"min":0,"avg":0,"active":0,"complete":1,"success":1,"errored":0,"retried":0,"total":1,"elapsed":5}
[debug] [2022-05-04T23:23:06.738Z] >>> [apiv2][query] POST https://firebasehosting.googleapis.com/v1beta1/projects/964947280134/sites/ourworld-7d07d/versions/73ba4f2228ed071c:populateFiles [none]
[debug] [2022-05-04T23:23:06.738Z] >>> [apiv2][body] POST https://firebasehosting.googleapis.com/v1beta1/projects/964947280134/sites/ourworld-7d07d/versions/73ba4f2228ed071c:populateFiles {"files":{"/404.html":"05cbc6f94d7a69ce2e29646eab13be2c884e61ba93e3094df5028866876d18b3"}}
[debug] [2022-05-04T23:23:07.125Z] <<< [apiv2][status] POST https://firebasehosting.googleapis.com/v1beta1/projects/964947280134/sites/ourworld-7d07d/versions/73ba4f2228ed071c:populateFiles 200
[debug] [2022-05-04T23:23:07.125Z] <<< [apiv2][body] POST https://firebasehosting.googleapis.com/v1beta1/projects/964947280134/sites/ourworld-7d07d/versions/73ba4f2228ed071c:populateFiles {"uploadUrl":"https://upload-firebasehosting.googleapis.com/upload/sites/ourworld-7d07d/versions/73ba4f2228ed071c/files"}
[debug] [2022-05-04T23:23:07.125Z] [hosting][populate queue][FINAL] {"max":391,"min":391,"avg":391,"active":0,"complete":1,"success":1,"errored":0,"retried":0,"total":1,"elapsed":391}
[debug] [2022-05-04T23:23:07.125Z] [hosting] uploads queued: 0
[debug] [2022-05-04T23:23:07.126Z] [hosting][upload queue][FINAL] {"max":0,"min":9999999999,"avg":0,"active":0,"complete":0,"success":0,"errored":0,"retried":0,"total":0,"elapsed":1651706587126}
[info] ✔  hosting[ourworld-7d07d]: file upload complete 
[debug] [2022-05-04T23:23:07.126Z] [hosting] deploy completed after 398ms
[info] i  functions: updating Node.js 16 function app(us-central1)... 
[debug] [2022-05-04T23:23:07.135Z] >>> [apiv2][query] PATCH https://cloudfunctions.googleapis.com/v1/projects/ourworld-7d07d/locations/us-central1/functions/app updateMask=name%2CsourceUploadUrl%2CentryPoint%2Cruntime%2Clabels%2ChttpsTrigger.securityLevel%2CavailableMemoryMb%2CenvironmentVariables%2CsourceToken
[debug] [2022-05-04T23:23:07.135Z] >>> [apiv2][body] PATCH https://cloudfunctions.googleapis.com/v1/projects/ourworld-7d07d/locations/us-central1/functions/app {"name":"projects/ourworld-7d07d/locations/us-central1/functions/app","sourceUploadUrl":"https://storage.googleapis.com/uploads-803226053932.us-central1.cloudfunctions.appspot.com/01c73426-7e0d-4895-85a3-ed14ec763cf8.zip?GoogleAccessId=service-964947280134@gcf-admin-robot.iam.gserviceaccount.com&Expires=1651708386&Signature=fgqVpnO0JqJk6bNh%2FzvGaO%2F6NTXw10lE5I8z1DXx1I82YV%2BwZO%2B2Xu2QEu7RWGh9Oay9JdbVnCZmHRUScYZ2s1%2Ba6bW5PZVnwoCoShme4o%2Fw6f17uf3Xb71MRbdMi5NYbXaUGNGnGah%2Bw4kukcx%2FhOB26QmDlAe8lQMJTWEYcXrIYSzkAROcQ0r7Xed8zUZmn%2B7Hl5JYDwqI2P%2FYgXFgKaUC1PX58z%2By8w9BovfD8eG%2FhHLr6O7WY%2BXvm6r6ynht35674aeonAHRWjcgedAgK0YS0%2B68upYBpYT9UKf%2FjOhoYd4k8219r2UYpn7mzN0H69q3vLg2cII9to%2FxHLdRzQ%3D%3D","entryPoint":"app","runtime":"nodejs16","labels":{"deployment-tool":"cli-firebase"},"httpsTrigger":{"securityLevel":"SECURE_ALWAYS"},"availableMemoryMb":256,"environmentVariables":{"FIREBASE_CONFIG":"{\"projectId\":\"ourworld-7d07d\",\"storageBucket\":\"ourworld-7d07d.appspot.com\",\"locationId\":\"us-east1\"}","GCLOUD_PROJECT":"ourworld-7d07d"}}
[debug] [2022-05-04T23:23:07.640Z] <<< [apiv2][status] PATCH https://cloudfunctions.googleapis.com/v1/projects/ourworld-7d07d/locations/us-central1/functions/app 200
[debug] [2022-05-04T23:23:07.640Z] <<< [apiv2][body] PATCH https://cloudfunctions.googleapis.com/v1/projects/ourworld-7d07d/locations/us-central1/functions/app {"name":"operations/b3Vyd29ybGQtN2QwN2QvdXMtY2VudHJhbDEvYXBwL012U3hOZlBhRFI0","metadata":{"@type":"type.googleapis.com/google.cloud.functions.v1.OperationMetadataV1","target":"projects/ourworld-7d07d/locations/us-central1/functions/app","type":"UPDATE_FUNCTION","request":{"@type":"type.googleapis.com/google.cloud.functions.v1.CloudFunction","name":"projects/ourworld-7d07d/locations/us-central1/functions/app","httpsTrigger":{"url":"https://us-central1-ourworld-7d07d.cloudfunctions.net/app","securityLevel":"SECURE_ALWAYS"},"status":"ACTIVE","entryPoint":"app","timeout":"60s","availableMemoryMb":256,"serviceAccountEmail":"ourworld-7d07d@appspot.gserviceaccount.com","updateTime":"2022-05-04T00:55:34.652Z","versionId":"3","labels":{"deployment-tool":"cli-firebase"},"sourceUploadUrl":"https://storage.googleapis.com/uploads-803226053932.us-central1.cloudfunctions.appspot.com/01c73426-7e0d-4895-85a3-ed14ec763cf8.zip?GoogleAccessId=service-964947280134@gcf-admin-robot.iam.gserviceaccount.com&Expires=1651708386&Signature=fgqVpnO0JqJk6bNh%2FzvGaO%2F6NTXw10lE5I8z1DXx1I82YV%2BwZO%2B2Xu2QEu7RWGh9Oay9JdbVnCZmHRUScYZ2s1%2Ba6bW5PZVnwoCoShme4o%2Fw6f17uf3Xb71MRbdMi5NYbXaUGNGnGah%2Bw4kukcx%2FhOB26QmDlAe8lQMJTWEYcXrIYSzkAROcQ0r7Xed8zUZmn%2B7Hl5JYDwqI2P%2FYgXFgKaUC1PX58z%2By8w9BovfD8eG%2FhHLr6O7WY%2BXvm6r6ynht35674aeonAHRWjcgedAgK0YS0%2B68upYBpYT9UKf%2FjOhoYd4k8219r2UYpn7mzN0H69q3vLg2cII9to%2FxHLdRzQ%3D%3D","environmentVariables":{"FIREBASE_CONFIG":"{\"projectId\":\"ourworld-7d07d\",\"storageBucket\":\"ourworld-7d07d.appspot.com\",\"locationId\":\"us-east1\"}","GCLOUD_PROJECT":"ourworld-7d07d"},"runtime":"nodejs16","ingressSettings":"ALLOW_ALL","buildId":"e6f83e28-1dab-477a-9a2f-3b0cc17f93ce","buildName":"projects/964947280134/locations/us-central1/builds/e6f83e28-1dab-477a-9a2f-3b0cc17f93ce","dockerRegistry":"CONTAINER_REGISTRY"},"versionId":"4","updateTime":"2022-05-04T23:23:07Z"}}
[debug] [2022-05-04T23:23:07.641Z] >>> [apiv2][query] GET https://cloudfunctions.googleapis.com/v1/operations/b3Vyd29ybGQtN2QwN2QvdXMtY2VudHJhbDEvYXBwL012U3hOZlBhRFI0 [none]
[debug] [2022-05-04T23:23:07.839Z] <<< [apiv2][status] GET https://cloudfunctions.googleapis.com/v1/operations/b3Vyd29ybGQtN2QwN2QvdXMtY2VudHJhbDEvYXBwL012U3hOZlBhRFI0 200
[debug] [2022-05-04T23:23:07.839Z] <<< [apiv2][body] GET https://cloudfunctions.googleapis.com/v1/operations/b3Vyd29ybGQtN2QwN2QvdXMtY2VudHJhbDEvYXBwL012U3hOZlBhRFI0 {"name":"operations/b3Vyd29ybGQtN2QwN2QvdXMtY2VudHJhbDEvYXBwL012U3hOZlBhRFI0","metadata":{"@type":"type.googleapis.com/google.cloud.functions.v1.OperationMetadataV1","target":"projects/ourworld-7d07d/locations/us-central1/functions/app","type":"UPDATE_FUNCTION","request":{"@type":"type.googleapis.com/google.cloud.functions.v1.CloudFunction","name":"projects/ourworld-7d07d/locations/us-central1/functions/app","httpsTrigger":{"url":"https://us-central1-ourworld-7d07d.cloudfunctions.net/app","securityLevel":"SECURE_ALWAYS"},"status":"ACTIVE","entryPoint":"app","timeout":"60s","availableMemoryMb":256,"serviceAccountEmail":"ourworld-7d07d@appspot.gserviceaccount.com","updateTime":"2022-05-04T00:55:34.652Z","versionId":"3","labels":{"deployment-tool":"cli-firebase"},"sourceUploadUrl":"https://storage.googleapis.com/uploads-803226053932.us-central1.cloudfunctions.appspot.com/01c73426-7e0d-4895-85a3-ed14ec763cf8.zip?GoogleAccessId=service-964947280134@gcf-admin-robot.iam.gserviceaccount.com&Expires=1651708386&Signature=fgqVpnO0JqJk6bNh%2FzvGaO%2F6NTXw10lE5I8z1DXx1I82YV%2BwZO%2B2Xu2QEu7RWGh9Oay9JdbVnCZmHRUScYZ2s1%2Ba6bW5PZVnwoCoShme4o%2Fw6f17uf3Xb71MRbdMi5NYbXaUGNGnGah%2Bw4kukcx%2FhOB26QmDlAe8lQMJTWEYcXrIYSzkAROcQ0r7Xed8zUZmn%2B7Hl5JYDwqI2P%2FYgXFgKaUC1PX58z%2By8w9BovfD8eG%2FhHLr6O7WY%2BXvm6r6ynht35674aeonAHRWjcgedAgK0YS0%2B68upYBpYT9UKf%2FjOhoYd4k8219r2UYpn7mzN0H69q3vLg2cII9to%2FxHLdRzQ%3D%3D","environmentVariables":{"FIREBASE_CONFIG":"{\"projectId\":\"ourworld-7d07d\",\"storageBucket\":\"ourworld-7d07d.appspot.com\",\"locationId\":\"us-east1\"}","GCLOUD_PROJECT":"ourworld-7d07d"},"runtime":"nodejs16","ingressSettings":"ALLOW_ALL","buildId":"e6f83e28-1dab-477a-9a2f-3b0cc17f93ce","buildName":"projects/964947280134/locations/us-central1/builds/e6f83e28-1dab-477a-9a2f-3b0cc17f93ce","dockerRegistry":"CONTAINER_REGISTRY"},"versionId":"4","updateTime":"2022-05-04T23:23:07Z"}}
[debug] [2022-05-04T23:23:08.340Z] [update-default-us-central1-app] Retrying task index 0
[debug] [2022-05-04T23:23:08.340Z] >>> [apiv2][query] GET https://cloudfunctions.googleapis.com/v1/operations/b3Vyd29ybGQtN2QwN2QvdXMtY2VudHJhbDEvYXBwL012U3hOZlBhRFI0 [none]
[debug] [2022-05-04T23:23:08.474Z] <<< [apiv2][status] GET https://cloudfunctions.googleapis.com/v1/operations/b3Vyd29ybGQtN2QwN2QvdXMtY2VudHJhbDEvYXBwL012U3hOZlBhRFI0 200
[debug] [2022-05-04T23:23:08.474Z] <<< [apiv2][body] GET https://cloudfunctions.googleapis.com/v1/operations/b3Vyd29ybGQtN2QwN2QvdXMtY2VudHJhbDEvYXBwL012U3hOZlBhRFI0 {"name":"operations/b3Vyd29ybGQtN2QwN2QvdXMtY2VudHJhbDEvYXBwL012U3hOZlBhRFI0","metadata":{"@type":"type.googleapis.com/google.cloud.functions.v1.OperationMetadataV1","target":"projects/ourworld-7d07d/locations/us-central1/functions/app","type":"UPDATE_FUNCTION","request":{"@type":"type.googleapis.com/google.cloud.functions.v1.CloudFunction","name":"projects/ourworld-7d07d/locations/us-central1/functions/app","httpsTrigger":{"url":"https://us-central1-ourworld-7d07d.cloudfunctions.net/app","securityLevel":"SECURE_ALWAYS"},"status":"ACTIVE","entryPoint":"app","timeout":"60s","availableMemoryMb":256,"serviceAccountEmail":"ourworld-7d07d@appspot.gserviceaccount.com","updateTime":"2022-05-04T00:55:34.652Z","versionId":"3","labels":{"deployment-tool":"cli-firebase"},"sourceUploadUrl":"https://storage.googleapis.com/uploads-803226053932.us-central1.cloudfunctions.appspot.com/01c73426-7e0d-4895-85a3-ed14ec763cf8.zip?GoogleAccessId=service-964947280134@gcf-admin-robot.iam.gserviceaccount.com&Expires=1651708386&Signature=fgqVpnO0JqJk6bNh%2FzvGaO%2F6NTXw10lE5I8z1DXx1I82YV%2BwZO%2B2Xu2QEu7RWGh9Oay9JdbVnCZmHRUScYZ2s1%2Ba6bW5PZVnwoCoShme4o%2Fw6f17uf3Xb71MRbdMi5NYbXaUGNGnGah%2Bw4kukcx%2FhOB26QmDlAe8lQMJTWEYcXrIYSzkAROcQ0r7Xed8zUZmn%2B7Hl5JYDwqI2P%2FYgXFgKaUC1PX58z%2By8w9BovfD8eG%2FhHLr6O7WY%2BXvm6r6ynht35674aeonAHRWjcgedAgK0YS0%2B68upYBpYT9UKf%2FjOhoYd4k8219r2UYpn7mzN0H69q3vLg2cII9to%2FxHLdRzQ%3D%3D","environmentVariables":{"FIREBASE_CONFIG":"{\"projectId\":\"ourworld-7d07d\",\"storageBucket\":\"ourworld-7d07d.appspot.com\",\"locationId\":\"us-east1\"}","GCLOUD_PROJECT":"ourworld-7d07d"},"runtime":"nodejs16","ingressSettings":"ALLOW_ALL","buildId":"e6f83e28-1dab-477a-9a2f-3b0cc17f93ce","buildName":"projects/964947280134/locations/us-central1/builds/e6f83e28-1dab-477a-9a2f-3b0cc17f93ce","dockerRegistry":"CONTAINER_REGISTRY"},"versionId":"4","updateTime":"2022-05-04T23:23:07Z"}}
[debug] [2022-05-04T23:23:09.475Z] [update-default-us-central1-app] Retrying task index 0
[debug] [2022-05-04T23:23:09.476Z] >>> [apiv2][query] GET https://cloudfunctions.googleapis.com/v1/operations/b3Vyd29ybGQtN2QwN2QvdXMtY2VudHJhbDEvYXBwL012U3hOZlBhRFI0 [none]
[debug] [2022-05-04T23:23:09.596Z] <<< [apiv2][status] GET https://cloudfunctions.googleapis.com/v1/operations/b3Vyd29ybGQtN2QwN2QvdXMtY2VudHJhbDEvYXBwL012U3hOZlBhRFI0 200
[debug] [2022-05-04T23:23:09.596Z] <<< [apiv2][body] GET https://cloudfunctions.googleapis.com/v1/operations/b3Vyd29ybGQtN2QwN2QvdXMtY2VudHJhbDEvYXBwL012U3hOZlBhRFI0 {"name":"operations/b3Vyd29ybGQtN2QwN2QvdXMtY2VudHJhbDEvYXBwL012U3hOZlBhRFI0","metadata":{"@type":"type.googleapis.com/google.cloud.functions.v1.OperationMetadataV1","target":"projects/ourworld-7d07d/locations/us-central1/functions/app","type":"UPDATE_FUNCTION","request":{"@type":"type.googleapis.com/google.cloud.functions.v1.CloudFunction","name":"projects/ourworld-7d07d/locations/us-central1/functions/app","httpsTrigger":{"url":"https://us-central1-ourworld-7d07d.cloudfunctions.net/app","securityLevel":"SECURE_ALWAYS"},"status":"ACTIVE","entryPoint":"app","timeout":"60s","availableMemoryMb":256,"serviceAccountEmail":"ourworld-7d07d@appspot.gserviceaccount.com","updateTime":"2022-05-04T00:55:34.652Z","versionId":"3","labels":{"deployment-tool":"cli-firebase"},"sourceUploadUrl":"https://storage.googleapis.com/uploads-803226053932.us-central1.cloudfunctions.appspot.com/01c73426-7e0d-4895-85a3-ed14ec763cf8.zip?GoogleAccessId=service-964947280134@gcf-admin-robot.iam.gserviceaccount.com&Expires=1651708386&Signature=fgqVpnO0JqJk6bNh%2FzvGaO%2F6NTXw10lE5I8z1DXx1I82YV%2BwZO%2B2Xu2QEu7RWGh9Oay9JdbVnCZmHRUScYZ2s1%2Ba6bW5PZVnwoCoShme4o%2Fw6f17uf3Xb71MRbdMi5NYbXaUGNGnGah%2Bw4kukcx%2FhOB26QmDlAe8lQMJTWEYcXrIYSzkAROcQ0r7Xed8zUZmn%2B7Hl5JYDwqI2P%2FYgXFgKaUC1PX58z%2By8w9BovfD8eG%2FhHLr6O7WY%2BXvm6r6ynht35674aeonAHRWjcgedAgK0YS0%2B68upYBpYT9UKf%2FjOhoYd4k8219r2UYpn7mzN0H69q3vLg2cII9to%2FxHLdRzQ%3D%3D","environmentVariables":{"FIREBASE_CONFIG":"{\"projectId\":\"ourworld-7d07d\",\"storageBucket\":\"ourworld-7d07d.appspot.com\",\"locationId\":\"us-east1\"}","GCLOUD_PROJECT":"ourworld-7d07d"},"runtime":"nodejs16","ingressSettings":"ALLOW_ALL","buildId":"e6f83e28-1dab-477a-9a2f-3b0cc17f93ce","buildName":"projects/964947280134/locations/us-central1/builds/e6f83e28-1dab-477a-9a2f-3b0cc17f93ce","dockerRegistry":"CONTAINER_REGISTRY"},"versionId":"4","updateTime":"2022-05-04T23:23:07Z","buildId":"8a71d0b6-ef4f-48b1-a8f9-f090696c78b0","buildName":"projects/964947280134/locations/us-central1/builds/8a71d0b6-ef4f-48b1-a8f9-f090696c78b0"}}
[debug] [2022-05-04T23:23:11.597Z] [update-default-us-central1-app] Retrying task index 0
[debug] [2022-05-04T23:23:11.598Z] >>> [apiv2][query] GET https://cloudfunctions.googleapis.com/v1/operations/b3Vyd29ybGQtN2QwN2QvdXMtY2VudHJhbDEvYXBwL012U3hOZlBhRFI0 [none]
[debug] [2022-05-04T23:23:11.743Z] <<< [apiv2][status] GET https://cloudfunctions.googleapis.com/v1/operations/b3Vyd29ybGQtN2QwN2QvdXMtY2VudHJhbDEvYXBwL012U3hOZlBhRFI0 200
[debug] [2022-05-04T23:23:11.743Z] <<< [apiv2][body] GET https://cloudfunctions.googleapis.com/v1/operations/b3Vyd29ybGQtN2QwN2QvdXMtY2VudHJhbDEvYXBwL012U3hOZlBhRFI0 {"name":"operations/b3Vyd29ybGQtN2QwN2QvdXMtY2VudHJhbDEvYXBwL012U3hOZlBhRFI0","metadata":{"@type":"type.googleapis.com/google.cloud.functions.v1.OperationMetadataV1","target":"projects/ourworld-7d07d/locations/us-central1/functions/app","type":"UPDATE_FUNCTION","request":{"@type":"type.googleapis.com/google.cloud.functions.v1.CloudFunction","name":"projects/ourworld-7d07d/locations/us-central1/functions/app","httpsTrigger":{"url":"https://us-central1-ourworld-7d07d.cloudfunctions.net/app","securityLevel":"SECURE_ALWAYS"},"status":"ACTIVE","entryPoint":"app","timeout":"60s","availableMemoryMb":256,"serviceAccountEmail":"ourworld-7d07d@appspot.gserviceaccount.com","updateTime":"2022-05-04T00:55:34.652Z","versionId":"3","labels":{"deployment-tool":"cli-firebase"},"sourceUploadUrl":"https://storage.googleapis.com/uploads-803226053932.us-central1.cloudfunctions.appspot.com/01c73426-7e0d-4895-85a3-ed14ec763cf8.zip?GoogleAccessId=service-964947280134@gcf-admin-robot.iam.gserviceaccount.com&Expires=1651708386&Signature=fgqVpnO0JqJk6bNh%2FzvGaO%2F6NTXw10lE5I8z1DXx1I82YV%2BwZO%2B2Xu2QEu7RWGh9Oay9JdbVnCZmHRUScYZ2s1%2Ba6bW5PZVnwoCoShme4o%2Fw6f17uf3Xb71MRbdMi5NYbXaUGNGnGah%2Bw4kukcx%2FhOB26QmDlAe8lQMJTWEYcXrIYSzkAROcQ0r7Xed8zUZmn%2B7Hl5JYDwqI2P%2FYgXFgKaUC1PX58z%2By8w9BovfD8eG%2FhHLr6O7WY%2BXvm6r6ynht35674aeonAHRWjcgedAgK0YS0%2B68upYBpYT9UKf%2FjOhoYd4k8219r2UYpn7mzN0H69q3vLg2cII9to%2FxHLdRzQ%3D%3D","environmentVariables":{"FIREBASE_CONFIG":"{\"projectId\":\"ourworld-7d07d\",\"storageBucket\":\"ourworld-7d07d.appspot.com\",\"locationId\":\"us-east1\"}","GCLOUD_PROJECT":"ourworld-7d07d"},"runtime":"nodejs16","ingressSettings":"ALLOW_ALL","buildId":"e6f83e28-1dab-477a-9a2f-3b0cc17f93ce","buildName":"projects/964947280134/locations/us-central1/builds/e6f83e28-1dab-477a-9a2f-3b0cc17f93ce","dockerRegistry":"CONTAINER_REGISTRY"},"versionId":"4","updateTime":"2022-05-04T23:23:07Z","buildId":"8a71d0b6-ef4f-48b1-a8f9-f090696c78b0","buildName":"projects/964947280134/locations/us-central1/builds/8a71d0b6-ef4f-48b1-a8f9-f090696c78b0"}}
[debug] [2022-05-04T23:23:15.745Z] [update-default-us-central1-app] Retrying task index 0
[debug] [2022-05-04T23:23:15.745Z] >>> [apiv2][query] GET https://cloudfunctions.googleapis.com/v1/operations/b3Vyd29ybGQtN2QwN2QvdXMtY2VudHJhbDEvYXBwL012U3hOZlBhRFI0 [none]
[debug] [2022-05-04T23:23:15.893Z] <<< [apiv2][status] GET https://cloudfunctions.googleapis.com/v1/operations/b3Vyd29ybGQtN2QwN2QvdXMtY2VudHJhbDEvYXBwL012U3hOZlBhRFI0 200
[debug] [2022-05-04T23:23:15.894Z] <<< [apiv2][body] GET https://cloudfunctions.googleapis.com/v1/operations/b3Vyd29ybGQtN2QwN2QvdXMtY2VudHJhbDEvYXBwL012U3hOZlBhRFI0 {"name":"operations/b3Vyd29ybGQtN2QwN2QvdXMtY2VudHJhbDEvYXBwL012U3hOZlBhRFI0","metadata":{"@type":"type.googleapis.com/google.cloud.functions.v1.OperationMetadataV1","target":"projects/ourworld-7d07d/locations/us-central1/functions/app","type":"UPDATE_FUNCTION","request":{"@type":"type.googleapis.com/google.cloud.functions.v1.CloudFunction","name":"projects/ourworld-7d07d/locations/us-central1/functions/app","httpsTrigger":{"url":"https://us-central1-ourworld-7d07d.cloudfunctions.net/app","securityLevel":"SECURE_ALWAYS"},"status":"ACTIVE","entryPoint":"app","timeout":"60s","availableMemoryMb":256,"serviceAccountEmail":"ourworld-7d07d@appspot.gserviceaccount.com","updateTime":"2022-05-04T00:55:34.652Z","versionId":"3","labels":{"deployment-tool":"cli-firebase"},"sourceUploadUrl":"https://storage.googleapis.com/uploads-803226053932.us-central1.cloudfunctions.appspot.com/01c73426-7e0d-4895-85a3-ed14ec763cf8.zip?GoogleAccessId=service-964947280134@gcf-admin-robot.iam.gserviceaccount.com&Expires=1651708386&Signature=fgqVpnO0JqJk6bNh%2FzvGaO%2F6NTXw10lE5I8z1DXx1I82YV%2BwZO%2B2Xu2QEu7RWGh9Oay9JdbVnCZmHRUScYZ2s1%2Ba6bW5PZVnwoCoShme4o%2Fw6f17uf3Xb71MRbdMi5NYbXaUGNGnGah%2Bw4kukcx%2FhOB26QmDlAe8lQMJTWEYcXrIYSzkAROcQ0r7Xed8zUZmn%2B7Hl5JYDwqI2P%2FYgXFgKaUC1PX58z%2By8w9BovfD8eG%2FhHLr6O7WY%2BXvm6r6ynht35674aeonAHRWjcgedAgK0YS0%2B68upYBpYT9UKf%2FjOhoYd4k8219r2UYpn7mzN0H69q3vLg2cII9to%2FxHLdRzQ%3D%3D","environmentVariables":{"FIREBASE_CONFIG":"{\"projectId\":\"ourworld-7d07d\",\"storageBucket\":\"ourworld-7d07d.appspot.com\",\"locationId\":\"us-east1\"}","GCLOUD_PROJECT":"ourworld-7d07d"},"runtime":"nodejs16","ingressSettings":"ALLOW_ALL","buildId":"e6f83e28-1dab-477a-9a2f-3b0cc17f93ce","buildName":"projects/964947280134/locations/us-central1/builds/e6f83e28-1dab-477a-9a2f-3b0cc17f93ce","dockerRegistry":"CONTAINER_REGISTRY"},"versionId":"4","updateTime":"2022-05-04T23:23:07Z","buildId":"8a71d0b6-ef4f-48b1-a8f9-f090696c78b0","buildName":"projects/964947280134/locations/us-central1/builds/8a71d0b6-ef4f-48b1-a8f9-f090696c78b0"}}
[debug] [2022-05-04T23:23:23.895Z] [update-default-us-central1-app] Retrying task index 0
[debug] [2022-05-04T23:23:23.895Z] >>> [apiv2][query] GET https://cloudfunctions.googleapis.com/v1/operations/b3Vyd29ybGQtN2QwN2QvdXMtY2VudHJhbDEvYXBwL012U3hOZlBhRFI0 [none]
[debug] [2022-05-04T23:23:24.015Z] <<< [apiv2][status] GET https://cloudfunctions.googleapis.com/v1/operations/b3Vyd29ybGQtN2QwN2QvdXMtY2VudHJhbDEvYXBwL012U3hOZlBhRFI0 200
[debug] [2022-05-04T23:23:24.015Z] <<< [apiv2][body] GET https://cloudfunctions.googleapis.com/v1/operations/b3Vyd29ybGQtN2QwN2QvdXMtY2VudHJhbDEvYXBwL012U3hOZlBhRFI0 {"name":"operations/b3Vyd29ybGQtN2QwN2QvdXMtY2VudHJhbDEvYXBwL012U3hOZlBhRFI0","metadata":{"@type":"type.googleapis.com/google.cloud.functions.v1.OperationMetadataV1","target":"projects/ourworld-7d07d/locations/us-central1/functions/app","type":"UPDATE_FUNCTION","request":{"@type":"type.googleapis.com/google.cloud.functions.v1.CloudFunction","name":"projects/ourworld-7d07d/locations/us-central1/functions/app","httpsTrigger":{"url":"https://us-central1-ourworld-7d07d.cloudfunctions.net/app","securityLevel":"SECURE_ALWAYS"},"status":"ACTIVE","entryPoint":"app","timeout":"60s","availableMemoryMb":256,"serviceAccountEmail":"ourworld-7d07d@appspot.gserviceaccount.com","updateTime":"2022-05-04T00:55:34.652Z","versionId":"3","labels":{"deployment-tool":"cli-firebase"},"sourceUploadUrl":"https://storage.googleapis.com/uploads-803226053932.us-central1.cloudfunctions.appspot.com/01c73426-7e0d-4895-85a3-ed14ec763cf8.zip?GoogleAccessId=service-964947280134@gcf-admin-robot.iam.gserviceaccount.com&Expires=1651708386&Signature=fgqVpnO0JqJk6bNh%2FzvGaO%2F6NTXw10lE5I8z1DXx1I82YV%2BwZO%2B2Xu2QEu7RWGh9Oay9JdbVnCZmHRUScYZ2s1%2Ba6bW5PZVnwoCoShme4o%2Fw6f17uf3Xb71MRbdMi5NYbXaUGNGnGah%2Bw4kukcx%2FhOB26QmDlAe8lQMJTWEYcXrIYSzkAROcQ0r7Xed8zUZmn%2B7Hl5JYDwqI2P%2FYgXFgKaUC1PX58z%2By8w9BovfD8eG%2FhHLr6O7WY%2BXvm6r6ynht35674aeonAHRWjcgedAgK0YS0%2B68upYBpYT9UKf%2FjOhoYd4k8219r2UYpn7mzN0H69q3vLg2cII9to%2FxHLdRzQ%3D%3D","environmentVariables":{"FIREBASE_CONFIG":"{\"projectId\":\"ourworld-7d07d\",\"storageBucket\":\"ourworld-7d07d.appspot.com\",\"locationId\":\"us-east1\"}","GCLOUD_PROJECT":"ourworld-7d07d"},"runtime":"nodejs16","ingressSettings":"ALLOW_ALL","buildId":"e6f83e28-1dab-477a-9a2f-3b0cc17f93ce","buildName":"projects/964947280134/locations/us-central1/builds/e6f83e28-1dab-477a-9a2f-3b0cc17f93ce","dockerRegistry":"CONTAINER_REGISTRY"},"versionId":"4","updateTime":"2022-05-04T23:23:07Z","buildId":"8a71d0b6-ef4f-48b1-a8f9-f090696c78b0","buildName":"projects/964947280134/locations/us-central1/builds/8a71d0b6-ef4f-48b1-a8f9-f090696c78b0"}}
[debug] [2022-05-04T23:23:34.015Z] [update-default-us-central1-app] Retrying task index 0
[debug] [2022-05-04T23:23:34.015Z] >>> [apiv2][query] GET https://cloudfunctions.googleapis.com/v1/operations/b3Vyd29ybGQtN2QwN2QvdXMtY2VudHJhbDEvYXBwL012U3hOZlBhRFI0 [none]
[debug] [2022-05-04T23:23:34.152Z] <<< [apiv2][status] GET https://cloudfunctions.googleapis.com/v1/operations/b3Vyd29ybGQtN2QwN2QvdXMtY2VudHJhbDEvYXBwL012U3hOZlBhRFI0 200
[debug] [2022-05-04T23:23:34.152Z] <<< [apiv2][body] GET https://cloudfunctions.googleapis.com/v1/operations/b3Vyd29ybGQtN2QwN2QvdXMtY2VudHJhbDEvYXBwL012U3hOZlBhRFI0 {"name":"operations/b3Vyd29ybGQtN2QwN2QvdXMtY2VudHJhbDEvYXBwL012U3hOZlBhRFI0","metadata":{"@type":"type.googleapis.com/google.cloud.functions.v1.OperationMetadataV1","target":"projects/ourworld-7d07d/locations/us-central1/functions/app","type":"UPDATE_FUNCTION","request":{"@type":"type.googleapis.com/google.cloud.functions.v1.CloudFunction","name":"projects/ourworld-7d07d/locations/us-central1/functions/app","httpsTrigger":{"url":"https://us-central1-ourworld-7d07d.cloudfunctions.net/app","securityLevel":"SECURE_ALWAYS"},"status":"ACTIVE","entryPoint":"app","timeout":"60s","availableMemoryMb":256,"serviceAccountEmail":"ourworld-7d07d@appspot.gserviceaccount.com","updateTime":"2022-05-04T00:55:34.652Z","versionId":"3","labels":{"deployment-tool":"cli-firebase"},"sourceUploadUrl":"https://storage.googleapis.com/uploads-803226053932.us-central1.cloudfunctions.appspot.com/01c73426-7e0d-4895-85a3-ed14ec763cf8.zip?GoogleAccessId=service-964947280134@gcf-admin-robot.iam.gserviceaccount.com&Expires=1651708386&Signature=fgqVpnO0JqJk6bNh%2FzvGaO%2F6NTXw10lE5I8z1DXx1I82YV%2BwZO%2B2Xu2QEu7RWGh9Oay9JdbVnCZmHRUScYZ2s1%2Ba6bW5PZVnwoCoShme4o%2Fw6f17uf3Xb71MRbdMi5NYbXaUGNGnGah%2Bw4kukcx%2FhOB26QmDlAe8lQMJTWEYcXrIYSzkAROcQ0r7Xed8zUZmn%2B7Hl5JYDwqI2P%2FYgXFgKaUC1PX58z%2By8w9BovfD8eG%2FhHLr6O7WY%2BXvm6r6ynht35674aeonAHRWjcgedAgK0YS0%2B68upYBpYT9UKf%2FjOhoYd4k8219r2UYpn7mzN0H69q3vLg2cII9to%2FxHLdRzQ%3D%3D","environmentVariables":{"FIREBASE_CONFIG":"{\"projectId\":\"ourworld-7d07d\",\"storageBucket\":\"ourworld-7d07d.appspot.com\",\"locationId\":\"us-east1\"}","GCLOUD_PROJECT":"ourworld-7d07d"},"runtime":"nodejs16","ingressSettings":"ALLOW_ALL","buildId":"e6f83e28-1dab-477a-9a2f-3b0cc17f93ce","buildName":"projects/964947280134/locations/us-central1/builds/e6f83e28-1dab-477a-9a2f-3b0cc17f93ce","dockerRegistry":"CONTAINER_REGISTRY"},"versionId":"4","updateTime":"2022-05-04T23:23:07Z","buildId":"8a71d0b6-ef4f-48b1-a8f9-f090696c78b0","buildName":"projects/964947280134/locations/us-central1/builds/8a71d0b6-ef4f-48b1-a8f9-f090696c78b0"}}
[debug] [2022-05-04T23:23:44.153Z] [update-default-us-central1-app] Retrying task index 0
[debug] [2022-05-04T23:23:44.154Z] >>> [apiv2][query] GET https://cloudfunctions.googleapis.com/v1/operations/b3Vyd29ybGQtN2QwN2QvdXMtY2VudHJhbDEvYXBwL012U3hOZlBhRFI0 [none]
[debug] [2022-05-04T23:23:44.311Z] <<< [apiv2][status] GET https://cloudfunctions.googleapis.com/v1/operations/b3Vyd29ybGQtN2QwN2QvdXMtY2VudHJhbDEvYXBwL012U3hOZlBhRFI0 200
[debug] [2022-05-04T23:23:44.311Z] <<< [apiv2][body] GET https://cloudfunctions.googleapis.com/v1/operations/b3Vyd29ybGQtN2QwN2QvdXMtY2VudHJhbDEvYXBwL012U3hOZlBhRFI0 {"name":"operations/b3Vyd29ybGQtN2QwN2QvdXMtY2VudHJhbDEvYXBwL012U3hOZlBhRFI0","metadata":{"@type":"type.googleapis.com/google.cloud.functions.v1.OperationMetadataV1","target":"projects/ourworld-7d07d/locations/us-central1/functions/app","type":"UPDATE_FUNCTION","request":{"@type":"type.googleapis.com/google.cloud.functions.v1.CloudFunction","name":"projects/ourworld-7d07d/locations/us-central1/functions/app","httpsTrigger":{"url":"https://us-central1-ourworld-7d07d.cloudfunctions.net/app","securityLevel":"SECURE_ALWAYS"},"status":"ACTIVE","entryPoint":"app","timeout":"60s","availableMemoryMb":256,"serviceAccountEmail":"ourworld-7d07d@appspot.gserviceaccount.com","updateTime":"2022-05-04T00:55:34.652Z","versionId":"3","labels":{"deployment-tool":"cli-firebase"},"sourceUploadUrl":"https://storage.googleapis.com/uploads-803226053932.us-central1.cloudfunctions.appspot.com/01c73426-7e0d-4895-85a3-ed14ec763cf8.zip?GoogleAccessId=service-964947280134@gcf-admin-robot.iam.gserviceaccount.com&Expires=1651708386&Signature=fgqVpnO0JqJk6bNh%2FzvGaO%2F6NTXw10lE5I8z1DXx1I82YV%2BwZO%2B2Xu2QEu7RWGh9Oay9JdbVnCZmHRUScYZ2s1%2Ba6bW5PZVnwoCoShme4o%2Fw6f17uf3Xb71MRbdMi5NYbXaUGNGnGah%2Bw4kukcx%2FhOB26QmDlAe8lQMJTWEYcXrIYSzkAROcQ0r7Xed8zUZmn%2B7Hl5JYDwqI2P%2FYgXFgKaUC1PX58z%2By8w9BovfD8eG%2FhHLr6O7WY%2BXvm6r6ynht35674aeonAHRWjcgedAgK0YS0%2B68upYBpYT9UKf%2FjOhoYd4k8219r2UYpn7mzN0H69q3vLg2cII9to%2FxHLdRzQ%3D%3D","environmentVariables":{"FIREBASE_CONFIG":"{\"projectId\":\"ourworld-7d07d\",\"storageBucket\":\"ourworld-7d07d.appspot.com\",\"locationId\":\"us-east1\"}","GCLOUD_PROJECT":"ourworld-7d07d"},"runtime":"nodejs16","ingressSettings":"ALLOW_ALL","buildId":"e6f83e28-1dab-477a-9a2f-3b0cc17f93ce","buildName":"projects/964947280134/locations/us-central1/builds/e6f83e28-1dab-477a-9a2f-3b0cc17f93ce","dockerRegistry":"CONTAINER_REGISTRY"},"versionId":"4","updateTime":"2022-05-04T23:23:07Z","buildId":"8a71d0b6-ef4f-48b1-a8f9-f090696c78b0","buildName":"projects/964947280134/locations/us-central1/builds/8a71d0b6-ef4f-48b1-a8f9-f090696c78b0"}}
[debug] [2022-05-04T23:23:54.312Z] [update-default-us-central1-app] Retrying task index 0
[debug] [2022-05-04T23:23:54.312Z] >>> [apiv2][query] GET https://cloudfunctions.googleapis.com/v1/operations/b3Vyd29ybGQtN2QwN2QvdXMtY2VudHJhbDEvYXBwL012U3hOZlBhRFI0 [none]
[debug] [2022-05-04T23:23:54.459Z] <<< [apiv2][status] GET https://cloudfunctions.googleapis.com/v1/operations/b3Vyd29ybGQtN2QwN2QvdXMtY2VudHJhbDEvYXBwL012U3hOZlBhRFI0 200
[debug] [2022-05-04T23:23:54.460Z] <<< [apiv2][body] GET https://cloudfunctions.googleapis.com/v1/operations/b3Vyd29ybGQtN2QwN2QvdXMtY2VudHJhbDEvYXBwL012U3hOZlBhRFI0 {"name":"operations/b3Vyd29ybGQtN2QwN2QvdXMtY2VudHJhbDEvYXBwL012U3hOZlBhRFI0","metadata":{"@type":"type.googleapis.com/google.cloud.functions.v1.OperationMetadataV1","target":"projects/ourworld-7d07d/locations/us-central1/functions/app","type":"UPDATE_FUNCTION","request":{"@type":"type.googleapis.com/google.cloud.functions.v1.CloudFunction","name":"projects/ourworld-7d07d/locations/us-central1/functions/app","httpsTrigger":{"url":"https://us-central1-ourworld-7d07d.cloudfunctions.net/app","securityLevel":"SECURE_ALWAYS"},"status":"ACTIVE","entryPoint":"app","timeout":"60s","availableMemoryMb":256,"serviceAccountEmail":"ourworld-7d07d@appspot.gserviceaccount.com","updateTime":"2022-05-04T00:55:34.652Z","versionId":"3","labels":{"deployment-tool":"cli-firebase"},"sourceUploadUrl":"https://storage.googleapis.com/uploads-803226053932.us-central1.cloudfunctions.appspot.com/01c73426-7e0d-4895-85a3-ed14ec763cf8.zip?GoogleAccessId=service-964947280134@gcf-admin-robot.iam.gserviceaccount.com&Expires=1651708386&Signature=fgqVpnO0JqJk6bNh%2FzvGaO%2F6NTXw10lE5I8z1DXx1I82YV%2BwZO%2B2Xu2QEu7RWGh9Oay9JdbVnCZmHRUScYZ2s1%2Ba6bW5PZVnwoCoShme4o%2Fw6f17uf3Xb71MRbdMi5NYbXaUGNGnGah%2Bw4kukcx%2FhOB26QmDlAe8lQMJTWEYcXrIYSzkAROcQ0r7Xed8zUZmn%2B7Hl5JYDwqI2P%2FYgXFgKaUC1PX58z%2By8w9BovfD8eG%2FhHLr6O7WY%2BXvm6r6ynht35674aeonAHRWjcgedAgK0YS0%2B68upYBpYT9UKf%2FjOhoYd4k8219r2UYpn7mzN0H69q3vLg2cII9to%2FxHLdRzQ%3D%3D","environmentVariables":{"FIREBASE_CONFIG":"{\"projectId\":\"ourworld-7d07d\",\"storageBucket\":\"ourworld-7d07d.appspot.com\",\"locationId\":\"us-east1\"}","GCLOUD_PROJECT":"ourworld-7d07d"},"runtime":"nodejs16","ingressSettings":"ALLOW_ALL","buildId":"e6f83e28-1dab-477a-9a2f-3b0cc17f93ce","buildName":"projects/964947280134/locations/us-central1/builds/e6f83e28-1dab-477a-9a2f-3b0cc17f93ce","dockerRegistry":"CONTAINER_REGISTRY"},"versionId":"4","updateTime":"2022-05-04T23:23:07Z","buildId":"8a71d0b6-ef4f-48b1-a8f9-f090696c78b0","buildName":"projects/964947280134/locations/us-central1/builds/8a71d0b6-ef4f-48b1-a8f9-f090696c78b0"}}
[debug] [2022-05-04T23:24:04.460Z] [update-default-us-central1-app] Retrying task index 0
[debug] [2022-05-04T23:24:04.461Z] >>> [apiv2][query] GET https://cloudfunctions.googleapis.com/v1/operations/b3Vyd29ybGQtN2QwN2QvdXMtY2VudHJhbDEvYXBwL012U3hOZlBhRFI0 [none]
[debug] [2022-05-04T23:24:04.592Z] <<< [apiv2][status] GET https://cloudfunctions.googleapis.com/v1/operations/b3Vyd29ybGQtN2QwN2QvdXMtY2VudHJhbDEvYXBwL012U3hOZlBhRFI0 200
[debug] [2022-05-04T23:24:04.592Z] <<< [apiv2][body] GET https://cloudfunctions.googleapis.com/v1/operations/b3Vyd29ybGQtN2QwN2QvdXMtY2VudHJhbDEvYXBwL012U3hOZlBhRFI0 {"name":"operations/b3Vyd29ybGQtN2QwN2QvdXMtY2VudHJhbDEvYXBwL012U3hOZlBhRFI0","metadata":{"@type":"type.googleapis.com/google.cloud.functions.v1.OperationMetadataV1","target":"projects/ourworld-7d07d/locations/us-central1/functions/app","type":"UPDATE_FUNCTION","request":{"@type":"type.googleapis.com/google.cloud.functions.v1.CloudFunction","name":"projects/ourworld-7d07d/locations/us-central1/functions/app","httpsTrigger":{"url":"https://us-central1-ourworld-7d07d.cloudfunctions.net/app","securityLevel":"SECURE_ALWAYS"},"status":"ACTIVE","entryPoint":"app","timeout":"60s","availableMemoryMb":256,"serviceAccountEmail":"ourworld-7d07d@appspot.gserviceaccount.com","updateTime":"2022-05-04T00:55:34.652Z","versionId":"3","labels":{"deployment-tool":"cli-firebase"},"sourceUploadUrl":"https://storage.googleapis.com/uploads-803226053932.us-central1.cloudfunctions.appspot.com/01c73426-7e0d-4895-85a3-ed14ec763cf8.zip?GoogleAccessId=service-964947280134@gcf-admin-robot.iam.gserviceaccount.com&Expires=1651708386&Signature=fgqVpnO0JqJk6bNh%2FzvGaO%2F6NTXw10lE5I8z1DXx1I82YV%2BwZO%2B2Xu2QEu7RWGh9Oay9JdbVnCZmHRUScYZ2s1%2Ba6bW5PZVnwoCoShme4o%2Fw6f17uf3Xb71MRbdMi5NYbXaUGNGnGah%2Bw4kukcx%2FhOB26QmDlAe8lQMJTWEYcXrIYSzkAROcQ0r7Xed8zUZmn%2B7Hl5JYDwqI2P%2FYgXFgKaUC1PX58z%2By8w9BovfD8eG%2FhHLr6O7WY%2BXvm6r6ynht35674aeonAHRWjcgedAgK0YS0%2B68upYBpYT9UKf%2FjOhoYd4k8219r2UYpn7mzN0H69q3vLg2cII9to%2FxHLdRzQ%3D%3D","environmentVariables":{"FIREBASE_CONFIG":"{\"projectId\":\"ourworld-7d07d\",\"storageBucket\":\"ourworld-7d07d.appspot.com\",\"locationId\":\"us-east1\"}","GCLOUD_PROJECT":"ourworld-7d07d"},"runtime":"nodejs16","ingressSettings":"ALLOW_ALL","buildId":"e6f83e28-1dab-477a-9a2f-3b0cc17f93ce","buildName":"projects/964947280134/locations/us-central1/builds/e6f83e28-1dab-477a-9a2f-3b0cc17f93ce","dockerRegistry":"CONTAINER_REGISTRY"},"versionId":"4","updateTime":"2022-05-04T23:23:07Z","buildId":"8a71d0b6-ef4f-48b1-a8f9-f090696c78b0","buildName":"projects/964947280134/locations/us-central1/builds/8a71d0b6-ef4f-48b1-a8f9-f090696c78b0"}}
[debug] [2022-05-04T23:24:14.593Z] [update-default-us-central1-app] Retrying task index 0
[debug] [2022-05-04T23:24:14.593Z] >>> [apiv2][query] GET https://cloudfunctions.googleapis.com/v1/operations/b3Vyd29ybGQtN2QwN2QvdXMtY2VudHJhbDEvYXBwL012U3hOZlBhRFI0 [none]
[debug] [2022-05-04T23:24:14.714Z] <<< [apiv2][status] GET https://cloudfunctions.googleapis.com/v1/operations/b3Vyd29ybGQtN2QwN2QvdXMtY2VudHJhbDEvYXBwL012U3hOZlBhRFI0 200
[debug] [2022-05-04T23:24:14.714Z] <<< [apiv2][body] GET https://cloudfunctions.googleapis.com/v1/operations/b3Vyd29ybGQtN2QwN2QvdXMtY2VudHJhbDEvYXBwL012U3hOZlBhRFI0 {"name":"operations/b3Vyd29ybGQtN2QwN2QvdXMtY2VudHJhbDEvYXBwL012U3hOZlBhRFI0","metadata":{"@type":"type.googleapis.com/google.cloud.functions.v1.OperationMetadataV1","target":"projects/ourworld-7d07d/locations/us-central1/functions/app","type":"UPDATE_FUNCTION","request":{"@type":"type.googleapis.com/google.cloud.functions.v1.CloudFunction","name":"projects/ourworld-7d07d/locations/us-central1/functions/app","httpsTrigger":{"url":"https://us-central1-ourworld-7d07d.cloudfunctions.net/app","securityLevel":"SECURE_ALWAYS"},"status":"ACTIVE","entryPoint":"app","timeout":"60s","availableMemoryMb":256,"serviceAccountEmail":"ourworld-7d07d@appspot.gserviceaccount.com","updateTime":"2022-05-04T00:55:34.652Z","versionId":"3","labels":{"deployment-tool":"cli-firebase"},"sourceUploadUrl":"https://storage.googleapis.com/uploads-803226053932.us-central1.cloudfunctions.appspot.com/01c73426-7e0d-4895-85a3-ed14ec763cf8.zip?GoogleAccessId=service-964947280134@gcf-admin-robot.iam.gserviceaccount.com&Expires=1651708386&Signature=fgqVpnO0JqJk6bNh%2FzvGaO%2F6NTXw10lE5I8z1DXx1I82YV%2BwZO%2B2Xu2QEu7RWGh9Oay9JdbVnCZmHRUScYZ2s1%2Ba6bW5PZVnwoCoShme4o%2Fw6f17uf3Xb71MRbdMi5NYbXaUGNGnGah%2Bw4kukcx%2FhOB26QmDlAe8lQMJTWEYcXrIYSzkAROcQ0r7Xed8zUZmn%2B7Hl5JYDwqI2P%2FYgXFgKaUC1PX58z%2By8w9BovfD8eG%2FhHLr6O7WY%2BXvm6r6ynht35674aeonAHRWjcgedAgK0YS0%2B68upYBpYT9UKf%2FjOhoYd4k8219r2UYpn7mzN0H69q3vLg2cII9to%2FxHLdRzQ%3D%3D","environmentVariables":{"FIREBASE_CONFIG":"{\"projectId\":\"ourworld-7d07d\",\"storageBucket\":\"ourworld-7d07d.appspot.com\",\"locationId\":\"us-east1\"}","GCLOUD_PROJECT":"ourworld-7d07d"},"runtime":"nodejs16","ingressSettings":"ALLOW_ALL","buildId":"e6f83e28-1dab-477a-9a2f-3b0cc17f93ce","buildName":"projects/964947280134/locations/us-central1/builds/e6f83e28-1dab-477a-9a2f-3b0cc17f93ce","dockerRegistry":"CONTAINER_REGISTRY"},"versionId":"4","updateTime":"2022-05-04T23:23:07Z","buildId":"8a71d0b6-ef4f-48b1-a8f9-f090696c78b0","buildName":"projects/964947280134/locations/us-central1/builds/8a71d0b6-ef4f-48b1-a8f9-f090696c78b0"}}
[debug] [2022-05-04T23:24:24.714Z] [update-default-us-central1-app] Retrying task index 0
[debug] [2022-05-04T23:24:24.714Z] >>> [apiv2][query] GET https://cloudfunctions.googleapis.com/v1/operations/b3Vyd29ybGQtN2QwN2QvdXMtY2VudHJhbDEvYXBwL012U3hOZlBhRFI0 [none]
[debug] [2022-05-04T23:24:24.857Z] <<< [apiv2][status] GET https://cloudfunctions.googleapis.com/v1/operations/b3Vyd29ybGQtN2QwN2QvdXMtY2VudHJhbDEvYXBwL012U3hOZlBhRFI0 200
[debug] [2022-05-04T23:24:24.857Z] <<< [apiv2][body] GET https://cloudfunctions.googleapis.com/v1/operations/b3Vyd29ybGQtN2QwN2QvdXMtY2VudHJhbDEvYXBwL012U3hOZlBhRFI0 {"name":"operations/b3Vyd29ybGQtN2QwN2QvdXMtY2VudHJhbDEvYXBwL012U3hOZlBhRFI0","metadata":{"@type":"type.googleapis.com/google.cloud.functions.v1.OperationMetadataV1","target":"projects/ourworld-7d07d/locations/us-central1/functions/app","type":"UPDATE_FUNCTION","request":{"@type":"type.googleapis.com/google.cloud.functions.v1.CloudFunction","name":"projects/ourworld-7d07d/locations/us-central1/functions/app","httpsTrigger":{"url":"https://us-central1-ourworld-7d07d.cloudfunctions.net/app","securityLevel":"SECURE_ALWAYS"},"status":"ACTIVE","entryPoint":"app","timeout":"60s","availableMemoryMb":256,"serviceAccountEmail":"ourworld-7d07d@appspot.gserviceaccount.com","updateTime":"2022-05-04T00:55:34.652Z","versionId":"3","labels":{"deployment-tool":"cli-firebase"},"sourceUploadUrl":"https://storage.googleapis.com/uploads-803226053932.us-central1.cloudfunctions.appspot.com/01c73426-7e0d-4895-85a3-ed14ec763cf8.zip?GoogleAccessId=service-964947280134@gcf-admin-robot.iam.gserviceaccount.com&Expires=1651708386&Signature=fgqVpnO0JqJk6bNh%2FzvGaO%2F6NTXw10lE5I8z1DXx1I82YV%2BwZO%2B2Xu2QEu7RWGh9Oay9JdbVnCZmHRUScYZ2s1%2Ba6bW5PZVnwoCoShme4o%2Fw6f17uf3Xb71MRbdMi5NYbXaUGNGnGah%2Bw4kukcx%2FhOB26QmDlAe8lQMJTWEYcXrIYSzkAROcQ0r7Xed8zUZmn%2B7Hl5JYDwqI2P%2FYgXFgKaUC1PX58z%2By8w9BovfD8eG%2FhHLr6O7WY%2BXvm6r6ynht35674aeonAHRWjcgedAgK0YS0%2B68upYBpYT9UKf%2FjOhoYd4k8219r2UYpn7mzN0H69q3vLg2cII9to%2FxHLdRzQ%3D%3D","environmentVariables":{"FIREBASE_CONFIG":"{\"projectId\":\"ourworld-7d07d\",\"storageBucket\":\"ourworld-7d07d.appspot.com\",\"locationId\":\"us-east1\"}","GCLOUD_PROJECT":"ourworld-7d07d"},"runtime":"nodejs16","ingressSettings":"ALLOW_ALL","buildId":"e6f83e28-1dab-477a-9a2f-3b0cc17f93ce","buildName":"projects/964947280134/locations/us-central1/builds/e6f83e28-1dab-477a-9a2f-3b0cc17f93ce","dockerRegistry":"CONTAINER_REGISTRY"},"versionId":"4","updateTime":"2022-05-04T23:23:07Z","buildId":"8a71d0b6-ef4f-48b1-a8f9-f090696c78b0","buildName":"projects/964947280134/locations/us-central1/builds/8a71d0b6-ef4f-48b1-a8f9-f090696c78b0"}}
[debug] [2022-05-04T23:24:34.858Z] [update-default-us-central1-app] Retrying task index 0
[debug] [2022-05-04T23:24:34.859Z] >>> [apiv2][query] GET https://cloudfunctions.googleapis.com/v1/operations/b3Vyd29ybGQtN2QwN2QvdXMtY2VudHJhbDEvYXBwL012U3hOZlBhRFI0 [none]
[debug] [2022-05-04T23:24:35.011Z] <<< [apiv2][status] GET https://cloudfunctions.googleapis.com/v1/operations/b3Vyd29ybGQtN2QwN2QvdXMtY2VudHJhbDEvYXBwL012U3hOZlBhRFI0 200
[debug] [2022-05-04T23:24:35.011Z] <<< [apiv2][body] GET https://cloudfunctions.googleapis.com/v1/operations/b3Vyd29ybGQtN2QwN2QvdXMtY2VudHJhbDEvYXBwL012U3hOZlBhRFI0 {"name":"operations/b3Vyd29ybGQtN2QwN2QvdXMtY2VudHJhbDEvYXBwL012U3hOZlBhRFI0","metadata":{"@type":"type.googleapis.com/google.cloud.functions.v1.OperationMetadataV1","target":"projects/ourworld-7d07d/locations/us-central1/functions/app","type":"UPDATE_FUNCTION","request":{"@type":"type.googleapis.com/google.cloud.functions.v1.CloudFunction","name":"projects/ourworld-7d07d/locations/us-central1/functions/app","httpsTrigger":{"url":"https://us-central1-ourworld-7d07d.cloudfunctions.net/app","securityLevel":"SECURE_ALWAYS"},"status":"ACTIVE","entryPoint":"app","timeout":"60s","availableMemoryMb":256,"serviceAccountEmail":"ourworld-7d07d@appspot.gserviceaccount.com","updateTime":"2022-05-04T00:55:34.652Z","versionId":"3","labels":{"deployment-tool":"cli-firebase"},"sourceUploadUrl":"https://storage.googleapis.com/uploads-803226053932.us-central1.cloudfunctions.appspot.com/01c73426-7e0d-4895-85a3-ed14ec763cf8.zip?GoogleAccessId=service-964947280134@gcf-admin-robot.iam.gserviceaccount.com&Expires=1651708386&Signature=fgqVpnO0JqJk6bNh%2FzvGaO%2F6NTXw10lE5I8z1DXx1I82YV%2BwZO%2B2Xu2QEu7RWGh9Oay9JdbVnCZmHRUScYZ2s1%2Ba6bW5PZVnwoCoShme4o%2Fw6f17uf3Xb71MRbdMi5NYbXaUGNGnGah%2Bw4kukcx%2FhOB26QmDlAe8lQMJTWEYcXrIYSzkAROcQ0r7Xed8zUZmn%2B7Hl5JYDwqI2P%2FYgXFgKaUC1PX58z%2By8w9BovfD8eG%2FhHLr6O7WY%2BXvm6r6ynht35674aeonAHRWjcgedAgK0YS0%2B68upYBpYT9UKf%2FjOhoYd4k8219r2UYpn7mzN0H69q3vLg2cII9to%2FxHLdRzQ%3D%3D","environmentVariables":{"FIREBASE_CONFIG":"{\"projectId\":\"ourworld-7d07d\",\"storageBucket\":\"ourworld-7d07d.appspot.com\",\"locationId\":\"us-east1\"}","GCLOUD_PROJECT":"ourworld-7d07d"},"runtime":"nodejs16","ingressSettings":"ALLOW_ALL","buildId":"e6f83e28-1dab-477a-9a2f-3b0cc17f93ce","buildName":"projects/964947280134/locations/us-central1/builds/e6f83e28-1dab-477a-9a2f-3b0cc17f93ce","dockerRegistry":"CONTAINER_REGISTRY"},"versionId":"4","updateTime":"2022-05-04T23:23:07Z","buildId":"8a71d0b6-ef4f-48b1-a8f9-f090696c78b0","buildName":"projects/964947280134/locations/us-central1/builds/8a71d0b6-ef4f-48b1-a8f9-f090696c78b0"}}
[debug] [2022-05-04T23:24:45.013Z] [update-default-us-central1-app] Retrying task index 0
[debug] [2022-05-04T23:24:45.013Z] >>> [apiv2][query] GET https://cloudfunctions.googleapis.com/v1/operations/b3Vyd29ybGQtN2QwN2QvdXMtY2VudHJhbDEvYXBwL012U3hOZlBhRFI0 [none]
[debug] [2022-05-04T23:24:45.171Z] <<< [apiv2][status] GET https://cloudfunctions.googleapis.com/v1/operations/b3Vyd29ybGQtN2QwN2QvdXMtY2VudHJhbDEvYXBwL012U3hOZlBhRFI0 200
[debug] [2022-05-04T23:24:45.171Z] <<< [apiv2][body] GET https://cloudfunctions.googleapis.com/v1/operations/b3Vyd29ybGQtN2QwN2QvdXMtY2VudHJhbDEvYXBwL012U3hOZlBhRFI0 {"name":"operations/b3Vyd29ybGQtN2QwN2QvdXMtY2VudHJhbDEvYXBwL012U3hOZlBhRFI0","metadata":{"@type":"type.googleapis.com/google.cloud.functions.v1.OperationMetadataV1","target":"projects/ourworld-7d07d/locations/us-central1/functions/app","type":"UPDATE_FUNCTION","request":{"@type":"type.googleapis.com/google.cloud.functions.v1.CloudFunction","name":"projects/ourworld-7d07d/locations/us-central1/functions/app","httpsTrigger":{"url":"https://us-central1-ourworld-7d07d.cloudfunctions.net/app","securityLevel":"SECURE_ALWAYS"},"status":"ACTIVE","entryPoint":"app","timeout":"60s","availableMemoryMb":256,"serviceAccountEmail":"ourworld-7d07d@appspot.gserviceaccount.com","updateTime":"2022-05-04T00:55:34.652Z","versionId":"3","labels":{"deployment-tool":"cli-firebase"},"sourceUploadUrl":"https://storage.googleapis.com/uploads-803226053932.us-central1.cloudfunctions.appspot.com/01c73426-7e0d-4895-85a3-ed14ec763cf8.zip?GoogleAccessId=service-964947280134@gcf-admin-robot.iam.gserviceaccount.com&Expires=1651708386&Signature=fgqVpnO0JqJk6bNh%2FzvGaO%2F6NTXw10lE5I8z1DXx1I82YV%2BwZO%2B2Xu2QEu7RWGh9Oay9JdbVnCZmHRUScYZ2s1%2Ba6bW5PZVnwoCoShme4o%2Fw6f17uf3Xb71MRbdMi5NYbXaUGNGnGah%2Bw4kukcx%2FhOB26QmDlAe8lQMJTWEYcXrIYSzkAROcQ0r7Xed8zUZmn%2B7Hl5JYDwqI2P%2FYgXFgKaUC1PX58z%2By8w9BovfD8eG%2FhHLr6O7WY%2BXvm6r6ynht35674aeonAHRWjcgedAgK0YS0%2B68upYBpYT9UKf%2FjOhoYd4k8219r2UYpn7mzN0H69q3vLg2cII9to%2FxHLdRzQ%3D%3D","environmentVariables":{"FIREBASE_CONFIG":"{\"projectId\":\"ourworld-7d07d\",\"storageBucket\":\"ourworld-7d07d.appspot.com\",\"locationId\":\"us-east1\"}","GCLOUD_PROJECT":"ourworld-7d07d"},"runtime":"nodejs16","ingressSettings":"ALLOW_ALL","buildId":"e6f83e28-1dab-477a-9a2f-3b0cc17f93ce","buildName":"projects/964947280134/locations/us-central1/builds/e6f83e28-1dab-477a-9a2f-3b0cc17f93ce","dockerRegistry":"CONTAINER_REGISTRY"},"versionId":"4","updateTime":"2022-05-04T23:23:07Z","buildId":"8a71d0b6-ef4f-48b1-a8f9-f090696c78b0","buildName":"projects/964947280134/locations/us-central1/builds/8a71d0b6-ef4f-48b1-a8f9-f090696c78b0"}}
[debug] [2022-05-04T23:24:55.173Z] [update-default-us-central1-app] Retrying task index 0
[debug] [2022-05-04T23:24:55.174Z] >>> [apiv2][query] GET https://cloudfunctions.googleapis.com/v1/operations/b3Vyd29ybGQtN2QwN2QvdXMtY2VudHJhbDEvYXBwL012U3hOZlBhRFI0 [none]
[debug] [2022-05-04T23:24:55.298Z] <<< [apiv2][status] GET https://cloudfunctions.googleapis.com/v1/operations/b3Vyd29ybGQtN2QwN2QvdXMtY2VudHJhbDEvYXBwL012U3hOZlBhRFI0 200
[debug] [2022-05-04T23:24:55.298Z] <<< [apiv2][body] GET https://cloudfunctions.googleapis.com/v1/operations/b3Vyd29ybGQtN2QwN2QvdXMtY2VudHJhbDEvYXBwL012U3hOZlBhRFI0 {"name":"operations/b3Vyd29ybGQtN2QwN2QvdXMtY2VudHJhbDEvYXBwL012U3hOZlBhRFI0","metadata":{"@type":"type.googleapis.com/google.cloud.functions.v1.OperationMetadataV1","target":"projects/ourworld-7d07d/locations/us-central1/functions/app","type":"UPDATE_FUNCTION","request":{"@type":"type.googleapis.com/google.cloud.functions.v1.CloudFunction","name":"projects/ourworld-7d07d/locations/us-central1/functions/app","httpsTrigger":{"url":"https://us-central1-ourworld-7d07d.cloudfunctions.net/app","securityLevel":"SECURE_ALWAYS"},"status":"ACTIVE","entryPoint":"app","timeout":"60s","availableMemoryMb":256,"serviceAccountEmail":"ourworld-7d07d@appspot.gserviceaccount.com","updateTime":"2022-05-04T00:55:34.652Z","versionId":"3","labels":{"deployment-tool":"cli-firebase"},"sourceUploadUrl":"https://storage.googleapis.com/uploads-803226053932.us-central1.cloudfunctions.appspot.com/01c73426-7e0d-4895-85a3-ed14ec763cf8.zip?GoogleAccessId=service-964947280134@gcf-admin-robot.iam.gserviceaccount.com&Expires=1651708386&Signature=fgqVpnO0JqJk6bNh%2FzvGaO%2F6NTXw10lE5I8z1DXx1I82YV%2BwZO%2B2Xu2QEu7RWGh9Oay9JdbVnCZmHRUScYZ2s1%2Ba6bW5PZVnwoCoShme4o%2Fw6f17uf3Xb71MRbdMi5NYbXaUGNGnGah%2Bw4kukcx%2FhOB26QmDlAe8lQMJTWEYcXrIYSzkAROcQ0r7Xed8zUZmn%2B7Hl5JYDwqI2P%2FYgXFgKaUC1PX58z%2By8w9BovfD8eG%2FhHLr6O7WY%2BXvm6r6ynht35674aeonAHRWjcgedAgK0YS0%2B68upYBpYT9UKf%2FjOhoYd4k8219r2UYpn7mzN0H69q3vLg2cII9to%2FxHLdRzQ%3D%3D","environmentVariables":{"FIREBASE_CONFIG":"{\"projectId\":\"ourworld-7d07d\",\"storageBucket\":\"ourworld-7d07d.appspot.com\",\"locationId\":\"us-east1\"}","GCLOUD_PROJECT":"ourworld-7d07d"},"runtime":"nodejs16","ingressSettings":"ALLOW_ALL","buildId":"e6f83e28-1dab-477a-9a2f-3b0cc17f93ce","buildName":"projects/964947280134/locations/us-central1/builds/e6f83e28-1dab-477a-9a2f-3b0cc17f93ce","dockerRegistry":"CONTAINER_REGISTRY"},"versionId":"4","updateTime":"2022-05-04T23:23:07Z","buildId":"8a71d0b6-ef4f-48b1-a8f9-f090696c78b0","sourceToken":"50070616-491c-4d6a-a2c8-6c7d353ffd34","buildName":"projects/964947280134/locations/us-central1/builds/8a71d0b6-ef4f-48b1-a8f9-f090696c78b0"}}
[debug] [2022-05-04T23:24:55.298Z] Got source token 50070616-491c-4d6a-a2c8-6c7d353ffd34 for region us-central1
[debug] [2022-05-04T23:25:05.300Z] [update-default-us-central1-app] Retrying task index 0
[debug] [2022-05-04T23:25:05.300Z] >>> [apiv2][query] GET https://cloudfunctions.googleapis.com/v1/operations/b3Vyd29ybGQtN2QwN2QvdXMtY2VudHJhbDEvYXBwL012U3hOZlBhRFI0 [none]
[debug] [2022-05-04T23:25:05.429Z] <<< [apiv2][status] GET https://cloudfunctions.googleapis.com/v1/operations/b3Vyd29ybGQtN2QwN2QvdXMtY2VudHJhbDEvYXBwL012U3hOZlBhRFI0 200
[debug] [2022-05-04T23:25:05.430Z] <<< [apiv2][body] GET https://cloudfunctions.googleapis.com/v1/operations/b3Vyd29ybGQtN2QwN2QvdXMtY2VudHJhbDEvYXBwL012U3hOZlBhRFI0 {"name":"operations/b3Vyd29ybGQtN2QwN2QvdXMtY2VudHJhbDEvYXBwL012U3hOZlBhRFI0","metadata":{"@type":"type.googleapis.com/google.cloud.functions.v1.OperationMetadataV1","target":"projects/ourworld-7d07d/locations/us-central1/functions/app","type":"UPDATE_FUNCTION","request":{"@type":"type.googleapis.com/google.cloud.functions.v1.CloudFunction","name":"projects/ourworld-7d07d/locations/us-central1/functions/app","httpsTrigger":{"url":"https://us-central1-ourworld-7d07d.cloudfunctions.net/app","securityLevel":"SECURE_ALWAYS"},"status":"ACTIVE","entryPoint":"app","timeout":"60s","availableMemoryMb":256,"serviceAccountEmail":"ourworld-7d07d@appspot.gserviceaccount.com","updateTime":"2022-05-04T00:55:34.652Z","versionId":"3","labels":{"deployment-tool":"cli-firebase"},"sourceUploadUrl":"https://storage.googleapis.com/uploads-803226053932.us-central1.cloudfunctions.appspot.com/01c73426-7e0d-4895-85a3-ed14ec763cf8.zip?GoogleAccessId=service-964947280134@gcf-admin-robot.iam.gserviceaccount.com&Expires=1651708386&Signature=fgqVpnO0JqJk6bNh%2FzvGaO%2F6NTXw10lE5I8z1DXx1I82YV%2BwZO%2B2Xu2QEu7RWGh9Oay9JdbVnCZmHRUScYZ2s1%2Ba6bW5PZVnwoCoShme4o%2Fw6f17uf3Xb71MRbdMi5NYbXaUGNGnGah%2Bw4kukcx%2FhOB26QmDlAe8lQMJTWEYcXrIYSzkAROcQ0r7Xed8zUZmn%2B7Hl5JYDwqI2P%2FYgXFgKaUC1PX58z%2By8w9BovfD8eG%2FhHLr6O7WY%2BXvm6r6ynht35674aeonAHRWjcgedAgK0YS0%2B68upYBpYT9UKf%2FjOhoYd4k8219r2UYpn7mzN0H69q3vLg2cII9to%2FxHLdRzQ%3D%3D","environmentVariables":{"FIREBASE_CONFIG":"{\"projectId\":\"ourworld-7d07d\",\"storageBucket\":\"ourworld-7d07d.appspot.com\",\"locationId\":\"us-east1\"}","GCLOUD_PROJECT":"ourworld-7d07d"},"runtime":"nodejs16","ingressSettings":"ALLOW_ALL","buildId":"e6f83e28-1dab-477a-9a2f-3b0cc17f93ce","buildName":"projects/964947280134/locations/us-central1/builds/e6f83e28-1dab-477a-9a2f-3b0cc17f93ce","dockerRegistry":"CONTAINER_REGISTRY"},"versionId":"4","updateTime":"2022-05-04T23:23:07Z","buildId":"8a71d0b6-ef4f-48b1-a8f9-f090696c78b0","sourceToken":"50070616-491c-4d6a-a2c8-6c7d353ffd34","buildName":"projects/964947280134/locations/us-central1/builds/8a71d0b6-ef4f-48b1-a8f9-f090696c78b0"}}
[debug] [2022-05-04T23:25:05.430Z] Got source token 50070616-491c-4d6a-a2c8-6c7d353ffd34 for region us-central1
[debug] [2022-05-04T23:25:15.431Z] [update-default-us-central1-app] Retrying task index 0
[debug] [2022-05-04T23:25:15.432Z] >>> [apiv2][query] GET https://cloudfunctions.googleapis.com/v1/operations/b3Vyd29ybGQtN2QwN2QvdXMtY2VudHJhbDEvYXBwL012U3hOZlBhRFI0 [none]
[debug] [2022-05-04T23:25:15.546Z] <<< [apiv2][status] GET https://cloudfunctions.googleapis.com/v1/operations/b3Vyd29ybGQtN2QwN2QvdXMtY2VudHJhbDEvYXBwL012U3hOZlBhRFI0 200
[debug] [2022-05-04T23:25:15.546Z] <<< [apiv2][body] GET https://cloudfunctions.googleapis.com/v1/operations/b3Vyd29ybGQtN2QwN2QvdXMtY2VudHJhbDEvYXBwL012U3hOZlBhRFI0 {"name":"operations/b3Vyd29ybGQtN2QwN2QvdXMtY2VudHJhbDEvYXBwL012U3hOZlBhRFI0","metadata":{"@type":"type.googleapis.com/google.cloud.functions.v1.OperationMetadataV1","target":"projects/ourworld-7d07d/locations/us-central1/functions/app","type":"UPDATE_FUNCTION","request":{"@type":"type.googleapis.com/google.cloud.functions.v1.CloudFunction","name":"projects/ourworld-7d07d/locations/us-central1/functions/app","httpsTrigger":{"url":"https://us-central1-ourworld-7d07d.cloudfunctions.net/app","securityLevel":"SECURE_ALWAYS"},"status":"ACTIVE","entryPoint":"app","timeout":"60s","availableMemoryMb":256,"serviceAccountEmail":"ourworld-7d07d@appspot.gserviceaccount.com","updateTime":"2022-05-04T00:55:34.652Z","versionId":"3","labels":{"deployment-tool":"cli-firebase"},"sourceUploadUrl":"https://storage.googleapis.com/uploads-803226053932.us-central1.cloudfunctions.appspot.com/01c73426-7e0d-4895-85a3-ed14ec763cf8.zip?GoogleAccessId=service-964947280134@gcf-admin-robot.iam.gserviceaccount.com&Expires=1651708386&Signature=fgqVpnO0JqJk6bNh%2FzvGaO%2F6NTXw10lE5I8z1DXx1I82YV%2BwZO%2B2Xu2QEu7RWGh9Oay9JdbVnCZmHRUScYZ2s1%2Ba6bW5PZVnwoCoShme4o%2Fw6f17uf3Xb71MRbdMi5NYbXaUGNGnGah%2Bw4kukcx%2FhOB26QmDlAe8lQMJTWEYcXrIYSzkAROcQ0r7Xed8zUZmn%2B7Hl5JYDwqI2P%2FYgXFgKaUC1PX58z%2By8w9BovfD8eG%2FhHLr6O7WY%2BXvm6r6ynht35674aeonAHRWjcgedAgK0YS0%2B68upYBpYT9UKf%2FjOhoYd4k8219r2UYpn7mzN0H69q3vLg2cII9to%2FxHLdRzQ%3D%3D","environmentVariables":{"FIREBASE_CONFIG":"{\"projectId\":\"ourworld-7d07d\",\"storageBucket\":\"ourworld-7d07d.appspot.com\",\"locationId\":\"us-east1\"}","GCLOUD_PROJECT":"ourworld-7d07d"},"runtime":"nodejs16","ingressSettings":"ALLOW_ALL","buildId":"e6f83e28-1dab-477a-9a2f-3b0cc17f93ce","buildName":"projects/964947280134/locations/us-central1/builds/e6f83e28-1dab-477a-9a2f-3b0cc17f93ce","dockerRegistry":"CONTAINER_REGISTRY"},"versionId":"4","updateTime":"2022-05-04T23:23:07Z","buildId":"8a71d0b6-ef4f-48b1-a8f9-f090696c78b0","sourceToken":"50070616-491c-4d6a-a2c8-6c7d353ffd34","buildName":"projects/964947280134/locations/us-central1/builds/8a71d0b6-ef4f-48b1-a8f9-f090696c78b0"}}
[debug] [2022-05-04T23:25:15.546Z] Got source token 50070616-491c-4d6a-a2c8-6c7d353ffd34 for region us-central1
